[35m[1mScanning dependencies of target motor_communication
[0m[ 33%] [32mBuilding CXX object CMakeFiles/motor_communication.dir/src/motor_communication.cpp.o
/home/ros/model_car/catkin_ws/src/motor_communication/src/motor_communication.cpp: In member function â€˜void motor_communication::run(int)â€™:
/home/ros/model_car/catkin_ws/src/motor_communication/src/motor_communication.cpp:72:34: error: â€˜to_stringâ€™ is not a member of â€˜stdâ€™
       std::string speed_string = std::to_string(speed);;
                                  ^
make[2]: *** [CMakeFiles/motor_communication.dir/src/motor_communication.cpp.o] Error 1
make[1]: *** [CMakeFiles/motor_communication.dir/all] Error 2
make: *** [all] Error 2
