[  0%] Built target std_msgs_generate_messages_cpp
[  0%] [ 12%] [ 12%] [ 12%] Built target geometry_msgs_generate_messages_cpp
Built target std_msgs_generate_messages_py
Built target geometry_msgs_generate_messages_py
[32mBuilding CXX object CMakeFiles/kalman_2d.dir/src/kalman_2d.cpp.o
[ 25%] [0m[32mBuilding CXX object CMakeFiles/kalman_3d.dir/src/kalman_3d.cpp.o
[0m[ 25%] Built target std_msgs_generate_messages_lisp
[ 25%] Built target geometry_msgs_generate_messages_lisp
[ 25%] Built target _fake_gps_generate_messages_check_deps_Transform
[ 37%] Built target fake_gps_generate_messages_cpp
[ 50%] [ 75%] Built target fake_gps_generate_messages_lisp
Built target fake_gps_generate_messages_py
[35m[1mScanning dependencies of target fake_gps_generate_messages
[0m[ 75%] Built target fake_gps_generate_messages
In file included from /opt/odroid-x2/sdk/opt/ros/indigo/include/ros/ros.h:38:0,
                 from /home/mi/boroujeni/model_car/catkin_ws/src/fake_gps/include/kalman_3d.h:5,
                 from /home/mi/boroujeni/model_car/catkin_ws/src/fake_gps/src/kalman_3d.cpp:1:
/opt/odroid-x2/sdk/opt/ros/indigo/include/ros/time.h:58:50: fatal error: boost/math/special_functions/round.hpp: No such file or directory
compilation terminated.
In file included from /opt/odroid-x2/sdk/opt/ros/indigo/include/ros/ros.h:38:0,
                 from /home/mi/boroujeni/model_car/catkin_ws/src/fake_gps/include/kalman_2d.h:5,
                 from /home/mi/boroujeni/model_car/catkin_ws/src/fake_gps/src/kalman_2d.cpp:1:
/opt/odroid-x2/sdk/opt/ros/indigo/include/ros/time.h:58:50: fatal error: boost/math/special_functions/round.hpp: No such file or directory
compilation terminated.
make[2]: *** [CMakeFiles/kalman_3d.dir/src/kalman_3d.cpp.o] Error 1
make[1]: *** [CMakeFiles/kalman_3d.dir/all] Error 2
make[1]: *** Waiting for unfinished jobs....
make[2]: *** [CMakeFiles/kalman_2d.dir/src/kalman_2d.cpp.o] Error 1
make[1]: *** [CMakeFiles/kalman_2d.dir/all] Error 2
make: *** [all] Error 2
