[  0%] Built target actionlib_msgs_generate_messages_py
[  0%] Built target nav_msgs_generate_messages_py
[  0%] Built target nav_msgs_generate_messages_lisp
[  0%] Built target nav_msgs_generate_messages_cpp
[  0%] Built target geometry_msgs_generate_messages_cpp
[  0%] Built target geometry_msgs_generate_messages_lisp
[  0%] Built target actionlib_msgs_generate_messages_lisp
[  0%] Built target std_msgs_generate_messages_cpp
[  0%] Built target actionlib_msgs_generate_messages_cpp
[  0%] Built target geometry_msgs_generate_messages_py
[  0%] Built target std_msgs_generate_messages_lisp
[  0%] Built target std_msgs_generate_messages_py
[100%] [32mBuilding CXX object CMakeFiles/odometry_publisher.dir/src/odometry_publisher.cpp.o
In file included from /opt/odroid-x2/sdk/opt/ros/indigo/include/ros/ros.h:38:0,
                 from /home/mi/boroujeni/model_car/catkin_ws/src/odometry/src/odometry_publisher.cpp:1:
/opt/odroid-x2/sdk/opt/ros/indigo/include/ros/time.h:58:50: fatal error: boost/math/special_functions/round.hpp: No such file or directory
compilation terminated.
make[2]: *** [CMakeFiles/odometry_publisher.dir/src/odometry_publisher.cpp.o] Error 1
make[1]: *** [CMakeFiles/odometry_publisher.dir/all] Error 2
make: *** [all] Error 2
