In file included from /home/mi/boroujeni/model_car/catkin_ws/src/cmvision/src/cmvision.h:33:0,
                 from /home/mi/boroujeni/model_car/catkin_ws/src/cmvision/src/cmvision.cc:34:
/opt/odroid-x2/sdk/usr/include/stdlib.h:955:31: fatal error: bits/stdlib-float.h: No such file or directory
compilation terminated.
make[2]: *** [CMakeFiles/cmvision.dir/src/cmvision.cc.o] Error 1
make[2]: *** Waiting for unfinished jobs....
In file included from /opt/odroid-x2/compiler/bin/../arm-linux-gnueabihf/libc/usr/include/arm-linux-gnueabihf/sys/select.h:44:0,
                 from /opt/odroid-x2/compiler/bin/../arm-linux-gnueabihf/libc/usr/include/arm-linux-gnueabihf/sys/types.h:223,
                 from /opt/odroid-x2/sdk/usr/include/stdlib.h:314,
                 from /home/mi/boroujeni/model_car/catkin_ws/src/cmvision/src/conversions.h:27,
                 from /home/mi/boroujeni/model_car/catkin_ws/src/cmvision/src/conversions.c:21:
/opt/odroid-x2/sdk/usr/include/time.h:123:5: error: unknown type name ‘__syscall_slong_t’
In file included from /home/mi/boroujeni/model_car/catkin_ws/src/cmvision/src/conversions.h:27:0,
                 from /home/mi/boroujeni/model_car/catkin_ws/src/cmvision/src/conversions.c:21:
/opt/odroid-x2/sdk/usr/include/stdlib.h:955:31: fatal error: bits/stdlib-float.h: No such file or directory
compilation terminated.
make[2]: *** [CMakeFiles/cmvision.dir/src/conversions.c.o] Error 1
make[1]: *** [CMakeFiles/cmvision.dir/all] Error 2
make: *** [all] Error 2
