Determining if the pthread_create exist failed with the following output:
Change Dir: /root/catkin_ws/build/visual_gps/CMakeFiles/CMakeTmp

Run Build Command:/usr/bin/make "cmTryCompileExec3791038627/fast"
/usr/bin/make -f CMakeFiles/cmTryCompileExec3791038627.dir/build.make CMakeFiles/cmTryCompileExec3791038627.dir/build
make[1]: Entering directory `/root/catkin_ws/build/visual_gps/CMakeFiles/CMakeTmp'
/usr/bin/cmake -E cmake_progress_report /root/catkin_ws/build/visual_gps/CMakeFiles/CMakeTmp/CMakeFiles 1
Building C object CMakeFiles/cmTryCompileExec3791038627.dir/CheckSymbolExists.c.o
/usr/bin/cc    -o CMakeFiles/cmTryCompileExec3791038627.dir/CheckSymbolExists.c.o   -c /root/catkin_ws/build/visual_gps/CMakeFiles/CMakeTmp/CheckSymbolExists.c
Linking C executable cmTryCompileExec3791038627
/usr/bin/cmake -E cmake_link_script CMakeFiles/cmTryCompileExec3791038627.dir/link.txt --verbose=1
/usr/bin/cc       CMakeFiles/cmTryCompileExec3791038627.dir/CheckSymbolExists.c.o  -o cmTryCompileExec3791038627 -rdynamic 
CMakeFiles/cmTryCompileExec3791038627.dir/CheckSymbolExists.c.o: In function `main':
CheckSymbolExists.c:(.text+0xe): undefined reference to `pthread_create'
CheckSymbolExists.c:(.text+0x12): undefined reference to `pthread_create'
collect2: error: ld returned 1 exit status
make[1]: *** [cmTryCompileExec3791038627] Error 1
make[1]: Leaving directory `/root/catkin_ws/build/visual_gps/CMakeFiles/CMakeTmp'
make: *** [cmTryCompileExec3791038627/fast] Error 2

File /root/catkin_ws/build/visual_gps/CMakeFiles/CMakeTmp/CheckSymbolExists.c:
/* */
#include <pthread.h>

int main(int argc, char** argv)
{
  (void)argv;
#ifndef pthread_create
  return ((int*)(&pthread_create))[argc];
#else
  (void)argc;
  return 0;
#endif
}

Determining if the function pthread_create exists in the pthreads failed with the following output:
Change Dir: /root/catkin_ws/build/visual_gps/CMakeFiles/CMakeTmp

Run Build Command:/usr/bin/make "cmTryCompileExec2380156278/fast"
/usr/bin/make -f CMakeFiles/cmTryCompileExec2380156278.dir/build.make CMakeFiles/cmTryCompileExec2380156278.dir/build
make[1]: Entering directory `/root/catkin_ws/build/visual_gps/CMakeFiles/CMakeTmp'
/usr/bin/cmake -E cmake_progress_report /root/catkin_ws/build/visual_gps/CMakeFiles/CMakeTmp/CMakeFiles 1
Building C object CMakeFiles/cmTryCompileExec2380156278.dir/CheckFunctionExists.c.o
/usr/bin/cc   -DCHECK_FUNCTION_EXISTS=pthread_create   -o CMakeFiles/cmTryCompileExec2380156278.dir/CheckFunctionExists.c.o   -c /usr/share/cmake-2.8/Modules/CheckFunctionExists.c
Linking C executable cmTryCompileExec2380156278
/usr/bin/cmake -E cmake_link_script CMakeFiles/cmTryCompileExec2380156278.dir/link.txt --verbose=1
/usr/bin/cc   -DCHECK_FUNCTION_EXISTS=pthread_create    CMakeFiles/cmTryCompileExec2380156278.dir/CheckFunctionExists.c.o  -o cmTryCompileExec2380156278 -rdynamic -lpthreads 
/usr/bin/ld: cannot find -lpthreads
collect2: error: ld returned 1 exit status
make[1]: *** [cmTryCompileExec2380156278] Error 1
make[1]: Leaving directory `/root/catkin_ws/build/visual_gps/CMakeFiles/CMakeTmp'
make: *** [cmTryCompileExec2380156278/fast] Error 2


