Determining if the pthread_create exist failed with the following output:
Change Dir: /home/ros/model_car/catkin_ws/build/rplidar_ros/CMakeFiles/CMakeTmp

Run Build Command:/usr/bin/make "cmTryCompileExec2129159413/fast"
/usr/bin/make -f CMakeFiles/cmTryCompileExec2129159413.dir/build.make CMakeFiles/cmTryCompileExec2129159413.dir/build
make[1]: Entering directory `/home/ros/model_car/catkin_ws/build/rplidar_ros/CMakeFiles/CMakeTmp'
/usr/bin/cmake -E cmake_progress_report /home/ros/model_car/catkin_ws/build/rplidar_ros/CMakeFiles/CMakeTmp/CMakeFiles 1
Building C object CMakeFiles/cmTryCompileExec2129159413.dir/CheckSymbolExists.c.o
/usr/bin/cc    -o CMakeFiles/cmTryCompileExec2129159413.dir/CheckSymbolExists.c.o   -c /home/ros/model_car/catkin_ws/build/rplidar_ros/CMakeFiles/CMakeTmp/CheckSymbolExists.c
Linking C executable cmTryCompileExec2129159413
/usr/bin/cmake -E cmake_link_script CMakeFiles/cmTryCompileExec2129159413.dir/link.txt --verbose=1
/usr/bin/cc       CMakeFiles/cmTryCompileExec2129159413.dir/CheckSymbolExists.c.o  -o cmTryCompileExec2129159413 -rdynamic 
CMakeFiles/cmTryCompileExec2129159413.dir/CheckSymbolExists.c.o: In function `main':
CheckSymbolExists.c:(.text+0x16): undefined reference to `pthread_create'
make[1]: Leaving directory `/home/ros/model_car/catkin_ws/build/rplidar_ros/CMakeFiles/CMakeTmp'
collect2: error: ld returned 1 exit status
make[1]: *** [cmTryCompileExec2129159413] Error 1
make: *** [cmTryCompileExec2129159413/fast] Error 2

File /home/ros/model_car/catkin_ws/build/rplidar_ros/CMakeFiles/CMakeTmp/CheckSymbolExists.c:
/* */
#include <pthread.h>

int main(int argc, char** argv)
{
  (void)argv;
#ifndef pthread_create
  return ((int*)(&pthread_create))[argc];
#else
  (void)argc;
  return 0;
#endif
}

Determining if the function pthread_create exists in the pthreads failed with the following output:
Change Dir: /home/ros/model_car/catkin_ws/build/rplidar_ros/CMakeFiles/CMakeTmp

Run Build Command:/usr/bin/make "cmTryCompileExec3926239118/fast"
/usr/bin/make -f CMakeFiles/cmTryCompileExec3926239118.dir/build.make CMakeFiles/cmTryCompileExec3926239118.dir/build
make[1]: Entering directory `/home/ros/model_car/catkin_ws/build/rplidar_ros/CMakeFiles/CMakeTmp'
/usr/bin/cmake -E cmake_progress_report /home/ros/model_car/catkin_ws/build/rplidar_ros/CMakeFiles/CMakeTmp/CMakeFiles 1
Building C object CMakeFiles/cmTryCompileExec3926239118.dir/CheckFunctionExists.c.o
/usr/bin/cc   -DCHECK_FUNCTION_EXISTS=pthread_create   -o CMakeFiles/cmTryCompileExec3926239118.dir/CheckFunctionExists.c.o   -c /usr/share/cmake-2.8/Modules/CheckFunctionExists.c
Linking C executable cmTryCompileExec3926239118
/usr/bin/cmake -E cmake_link_script CMakeFiles/cmTryCompileExec3926239118.dir/link.txt --verbose=1
/usr/bin/cc   -DCHECK_FUNCTION_EXISTS=pthread_create    CMakeFiles/cmTryCompileExec3926239118.dir/CheckFunctionExists.c.o  -o cmTryCompileExec3926239118 -rdynamic -lpthreads 
/usr/bin/ld: cannot find -lpthreads
collect2: error: ld returned 1 exit status
make[1]: Leaving directory `/home/ros/model_car/catkin_ws/build/rplidar_ros/CMakeFiles/CMakeTmp'
make[1]: *** [cmTryCompileExec3926239118] Error 1
make: *** [cmTryCompileExec3926239118/fast] Error 2


