[35m[1mScanning dependencies of target usb_cam
[0m[ 50%] [32mBuilding CXX object CMakeFiles/usb_cam.dir/src/usb_cam.cpp.o
In file included from /opt/odroid-x2/sdk/opt/ros/indigo/include/ros/ros.h:38:0,
                 from /home/ros/model_car/catkin_ws/src/usb_cam/src/usb_cam.cpp:51:
/opt/odroid-x2/sdk/opt/ros/indigo/include/ros/time.h:58:50: fatal error: boost/math/special_functions/round.hpp: No such file or directory
compilation terminated.
make[2]: *** [CMakeFiles/usb_cam.dir/src/usb_cam.cpp.o] Error 1
make[1]: *** [CMakeFiles/usb_cam.dir/all] Error 2
make: *** [all] Error 2
