[35m[1mScanning dependencies of target control_node
[0m[100%] [32mBuilding CXX object CMakeFiles/control_node.dir/src/control_node.cpp.o
In file included from /opt/odroid-x2/sdk/opt/ros/indigo/include/ros/ros.h:38:0,
                 from /home/ros/model_car/catkin_ws/src/control/src/control_node.cpp:1:
/opt/odroid-x2/sdk/opt/ros/indigo/include/ros/time.h:58:50: fatal error: boost/math/special_functions/round.hpp: No such file or directory
compilation terminated.
make[2]: *** [CMakeFiles/control_node.dir/src/control_node.cpp.o] Error 1
make[1]: *** [CMakeFiles/control_node.dir/all] Error 2
make: *** [all] Error 2
